2024-07-02 12:30:10,996 - client_03745e70-3582-4919-b067-a34ef327e754 - INFO
>>> analyze_init
 
---------------------------------------------------
** system **:
# CONTEXT # 
You are a professional data scientist. A user has made some changes in the CSV files.
Your task is to understand the user's intent regarding how they want to clean the data.

#############

# OBJECTIVE #
Ask clarification questions to understand the user's intent.

#############

# GUIDELINES #
1. Infer their intent through the table diff and user instruction. Do not infer beyond the information provided in the input.
2. Avoid directly asking "what is your intent?" Instead, ask questions related to the changes made in the table and the instructions given.
3. If the user's intent is clear, you can conclude the conversation.
 
#############

# INPUT #
The input includes the following information:
- Sheet Information:  the name of the sheet, the headers, and the number of rows in the table. 
- Table Diff: the changes made to the table.
- User Instruction: the user's instruction that indicates the changes they want to make.

#############

# OUTPUT #
If you need more information, output a question to ask the user:
{
    "type": "question",
    "summary": "<summary>",
    "question": "<question>",
    "choices": ["<choice_1>", "<choice_2>", ..., "<choice_n>", "other"]
}

If the intent is clear enough, output a summary of the user's intent:
{
   "type": "finish",
   "summary": "<summary>"
}

#############

# EXAMPLES #
Example 1:
'''
- INPUT:
# Sheet 1
Sheet Information: table_1.csv has 3 columns (Headers are A: "2021", B: "2022", C: "2023", D: "2024") and 5 rows (the row 0 is the header row).
Table Diff: In table_1.csv, row 3 has been replaced with [null, null, null, null].

User Instruction: (No user instruction)

- OUTPUT:
{
    "type": "question",
    "summary": "The user has deleted row 3 in table_1.csv",
    "question": "Do you want to drop row 3 in table_1.csv?",
    "choices": [
        "Yes, drop the row",
        "No, keep the row",
        "other (please specify)"
    ]
}
'''

Example 2:
'''
- INPUT:
# Sheet 1
Sheet Information: table_1.csv has 3 columns (Headers are A: "2021", B: "2022", C: "2023", D: "2024") and 5 rows (the row 0 is the header row).
Table Diff: In table_1.csv, row 3 has been replaced with [null, null, null, null].

# Sheet 2
Sheet Information: table_2.csv has 4 columns (Headers are A: "Name", B: "Age", C: "Gender", D: "Occupation") and 5 rows (the row 0 is the header row).
Table Diff: (No table diff)

User Instruction: (No user instruction)

- OUTPUT:
{
    "type": "question",
    "summary": "The user has deleted row 3 in table_1.csv.",
    "question": "Do you want to drop row 3 in table_1.csv and apply the same changes to table_2.csv?"
    "choices": [
        "Yes, drop the row in both tables",
        "No, only drop the row in table_1.csv",
        "No, only drop the row in table_2.csv",
        "other (please specify)"
    ]
}
'''

Example 3:
'''
- INPUT:
# Sheet 1
Sheet Information: HeartDisease.csv has 14 columns (Headers are: A: "age", B: "sex", C: "cp", D: "trestbps", E: "chol", F: "fbs", G: "restecg", H: "thalach", I: "exang", J: "oldpeak", K: "slope", L: "ca", M: "thal", N: "target") and 303 rows (the row 0 is the header row).
Table Diff: (No table diff)

# Sheet 2
Sheet Information: test.csv has 14 columns (Headers are: A: "Column1", B: "Column2", C: "Column3", D: "Column4", E: "Column5", F: "Column6", G: "Column7", H: "Column8", I: "Column9", J: "Column10", K: "Column11", L: "Column12", M: "Column13", N: "Column14") and 303 rows (the row 0 is the header row).
Table Diff: (No table diff)

User Instruction: Move age and sex columns from HeartDisease.csv to test_v0.csv.

- OUTPUT:
{
    "type": "finish",
    "summary": "The user wants to move the age and sex columns from HeartDisease.csv to Column1 and Column2 in test.csv."
}
'''

---------------------------------------------------


---------------------------------------------------
** user **:
# Sheet 1
Sheet Information: NetIncome.xlsx-Sheet1_v0. has 2 columns (Headers are: A: "Revenue", B: "Total Expenses") and 19 rows (the row 0 is the header row).

User Instruction: Swap the column order of Revenue and Total Expenses
---------------------------------------------------


---------------------------------------------------
** assistant **:
{'type': 'finish', 'summary': 'The user wants to swap the column order of Revenue and Total Expenses in NetIncome.xlsx-Sheet1_v0.'}
---------------------------------------------------


2024-07-02 12:30:12,125 - client_03745e70-3582-4919-b067-a34ef327e754 - INFO
>>> generate_summarization
 
---------------------------------------------------
** system **:
# CONTEXT #
You are a professional data scientist.
Your task is to analyze the user's intents regarding how they want to clean the data.

#############

# OBJECTIVE #
Summarize the user's intents.

#############

# INPUT #
- Sheet Information: the name of the sheet, the headers, and the number of rows in the table.
- Table Diff: the changes made to the table.
- User Instruction: the user's instruction that indicates the changes they want to make.
- Question & Answering History: The history of questions & answers exchanged between the assistant and the user.

# OUTPUT #

- User Intents: the user's intents.

#############

# EXAMPLES #

Example 1:
'''
- INPUT:
# Sheet 1
Sheet Information: Heart Disease Prediction dataset.csv has 14 columns (Headers are: A: "age", B: "sex", C: "cp", D: "trestbps", E: "chol", F: "fbs", G: "restecg", H: "thalach", I: "exang", J: "oldpeak", K: "slope", L: "ca", M: "thal", N: "target") and 303 rows (the row 0 is the header row).
Table Diff: In the table provided, it seems that the user has deleted row 1 to row 20.
User Instruction: delete row 1 to row 20

Question & Answering History:
Clarification Question 1:
Are you sure you want to delete rows 1 to 20?

A. Yes, delete rows 1 to 20
B. No, I want to delete a different range of rows
C. other (please specify)

User Answer 1:
Yes, delete rows 1 to 20

- OUTPUT:
The user's intent is to delete row 1 to 20 in Heart Disease Prediction dataset.csv.
'''
#############
---------------------------------------------------


---------------------------------------------------
** user **:
# Sheet 1
Sheet Information: NetIncome.xlsx-Sheet1_v0. has 2 columns (Headers are: A: "Revenue", B: "Total Expenses") and 19 rows (the row 0 is the header row).

User Instruction: Swap the column order of Revenue and Total Expenses

---------------------------------------------------


---------------------------------------------------
** assistant **:
User Intents: The user's intent is to swap the column order of "Revenue" and "Total Expenses" in the NetIncome.xlsx-Sheet1_v0 dataset.
---------------------------------------------------


2024-07-02 12:30:14,156 - client_03745e70-3582-4919-b067-a34ef327e754 - INFO
>>> generate_step_by_step_plan
 
---------------------------------------------------
** system **:
# CONTEXT #
You are a professional data scientist.
Your task is to generate a step-by-step plan to clean the data based on the user's intents.

#############

# OBJECTIVE #
Generate a step-by-step plan to clean the data based on the user's intents.

#############

# DSL GRAMMAR #

## DSL Functions:

1. create_table: Creates a new table with the specified number of rows and columns.

2. delete_table: Deletes the specified table.

3. insert: Insert an empty column or row after a specified label in the table.

4. drop: Drops a column or row in the table.

5. assign: Assign new values to the specified label in the table.

6. move: Relocates a label from one position to another within the same table or to a different table.

7. copy: Copies a label and appends it to the end of the target table.

8. merge: Concatenates two labels and appends the merged label to the table.

9. split: Splits a label into multiple parts at the occurrences of the specified delimiter.

10. transpose: Converts rows to columns and columns to rows in the table.

11. aggregate: Aggregates the table using the specified function.

12. test: Returns the test result of comparing two labels using the specified strategy.

#############

# GUIDELINES #
1. You should only use the DSL functions provided in the DSL Grammar. Do not add or invent new functions.
2. You should point out the correct table to apply the functions to.

#############

# INPUT #
- Sheet Information: the name of the sheet, the headers, and the number of rows in the table.
- User Intents: the user's intents.

# OUTPUT #

- Step-by-step plan: a sequence of descriptions of the actions to be taken to clean the data based on the user's intents.

#############

# EXAMPLES #

Example 1:
'''
- INPUT:
# Sheet 1
Sheet Information: Heart Disease Prediction dataset.csv has 14 columns (Headers are: A: "age", B: "sex", C: "cp", D: "trestbps", E: "chol", F: "fbs", G: "restecg", H: "thalach", I: "exang", J: "oldpeak", K: "slope", L: "ca", M: "thal", N: "target") and 303 rows (the row 0 is the header row).
User Intents: The user's intent is to drop the column "ca" and "thal".

- OUTPUT:
Step-by-step plan:
1. Delete the column "ca". (drop function)
2. Delete the column "thal". (drop function)
'''

Example 2:
'''
- INPUT:
# Sheet 1
Sheet Information: Heart Disease Prediction dataset.csv has 14 columns (Headers are: A: "age", B: "sex", C: "cp", D: "trestbps", E: "chol", F: "fbs", G: "restecg", H: "thalach", I: "exang", J: "oldpeak", K: "slope", L: "ca", M: "thal", N: "target") and 303 rows (the row 0 is the header row).
User Intents: The user's intent is to delete all the columns except "age" and "sex".

- OUTPUT:
Step-by-step plan:
1. Drop all columns except "age" and "sex" in Heart Disease Prediction dataset.csv. (drop function)
'''

Example 3:
'''
- INPUT:
# Sheet 1
Sheet Information: Heart Disease Prediction dataset.csv has 14 columns (Headers are: A: "age", B: "sex", C: "cp", D: "trestbps", E: "chol", F: "fbs", G: "restecg", H: "thalach", I: "exang", J: "oldpeak", K: "slope", L: "ca", M: "thal", N: "target") and 303 rows (the row 0 is the header row).

# Sheet 2
Sheet Information: New.csv has 14 columns (Headers are: "A", "B", "C", "D", "E", "F", "G", "H", "I", "J", "K", "L", "M", "N") and 303 rows (the row 0 is the header row).

User Intents: The user's intent is to move "age" and "sex" columns from Sheet 1 to Sheet 2.

- OUTPUT:
Step-by-step plan:
1. Move the column "age" from Heart Disease Prediction dataset.csv to New.csv. (move function)
2. Move the column "sex" from Heart Disease Prediction dataset.csv to New.csv. (move function)
'''

Example 4:
'''
- INPUT:
# Sheet 1
Sheet Information: Heart Disease Prediction dataset.csv has 14 columns (Headers are: A: "age", B: "sex", C: "cp", D: "trestbps", E: "chol", F: "fbs", G: "restecg", H: "thalach", I: "exang", J: "oldpeak", K: "slope", L: "ca", M: "thal", N: "target") and 303 rows (the row 0 is the header row).

User Intents: The user's intent is to test the similarity between the columns "age" and "sex".

- OUTPUT:
Step-by-step plan:
1. Create a new table name test_result.csv to store the test result. (create function)
2. Test the similarity between the columns "age" and "sex" in Heart Disease Prediction dataset.csv using t-test. (test function)
'''

#############
---------------------------------------------------


---------------------------------------------------
** user **:
# Sheet 1
Sheet Information: NetIncome.xlsx-Sheet1_v0. has 2 columns (Headers are: A: "Revenue", B: "Total Expenses") and 19 rows (the row 0 is the header row).

User Instruction: Swap the column order of Revenue and Total Expenses

User Intents: The user's intent is to swap the column order of "Revenue" and "Total Expenses" in the NetIncome.xlsx-Sheet1_v0 dataset.
---------------------------------------------------


---------------------------------------------------
** assistant **:
Step-by-step plan:
1. Create a new column "Temp" in NetIncome.xlsx-Sheet1_v0 after the "Total Expenses" column. (insert function)
2. Copy the values from the "Revenue" column to the "Temp" column. (copy function)
3. Delete the "Revenue" column. (drop function)
4. Rename the "Total Expenses" column to "Revenue". (assign function)
5. Rename the "Temp" column to "Total Expenses". (assign function)
---------------------------------------------------


2024-07-02 12:30:17,115 - client_03745e70-3582-4919-b067-a34ef327e754 - INFO
>>> generate_dsl
 
---------------------------------------------------
** system **:
# CONTEXT #
You are a professional DSL (Domain Specific Language) generator.
You will be given a step-by-step description of a data cleaning plan.
You need to follow the description and create a DSL script to help user clean and manipulate the data.

#############

# OBJECTIVE #
Create a DSL script to clean the data based on the description.

#############

# DSL GRAMMAR #

## DSL Functions:

1. create_table(table_name, row_number, column_number): Creates a new table with the specified number of rows and columns.

2. delete_table(table_name): Deletes the specified table.

3. insert(table_name, label, axis): Insert an empty column or row after a specified label in the table.

4. drop(table_name, label, axis): Drops a column or row in the table.

5. assign(table_name, label, values, axis): Assign new values to the specified label in the table.

6. move(table_name, label, target_table_name, target_position, axis): Relocates a label from one position to another within the same table or to a different table.

7. copy(table_name, label, target_table_name, target_label, axis): Copies a label and appends it to the end of the target table.

8. merge(table_name, label_1, label_2, glue, new_label, axis): Concatenates two labels and appends the merged label to the table.

9. split(table_name, label, delimiter, new_labels): Splits a label into multiple parts at the occurrences of the specified delimiter.

10. transpose(table_name): Converts rows to columns and columns to rows in the table.

11. aggregate(table_name, label, operation, axis): Aggregates the table using the specified function.

12. test(table_name, label_1, label_2, strategy, axis): Returns the test result of comparing two labels using the specified strategy.

Definitions:
- label: Refers to a row or column in the table. If the label is the name of a row or column, it should be a string. If the label is the index of a row or column, it should be an integer.
- axis: 
  - 0 or "index": Indicates a row operation.
  - 1 or "columns": Indicates a column operation.

#############

# GUIDELINES #
1. You should only use the DSL functions provided in the DSL Grammar. Do not add or invent new functions.
2. For every step, you need to find the best function from the DSL Grammar to perform the described action.

#############

# INPUT #
Step-by-step description of the data cleaning process.

#############

# OUTPUT #
Your output should be in JSON form. For example:
[
    {
        "function_name": "copy",
        "arguments": ["a.csv", 1, "Table2", 4, "index"]
    },
    {
        "function_name": "drop",
        "arguments": ["a.csv", 1, "index"]
    },
    {
        "function_name": "split",
        "arguments": ["a.csv", 1, ",", ["new1", "new2"]]
    }
]
Do not add any other characters to the output.
#############

# EXAMPLE #

Example 1:
'''
- INPUT:
Step-by-step plan:
1. Create a new table name test_result.csv to store the test result. (create function)
2. Test the similarity between the columns "age" and "sex" in Heart Disease Prediction dataset.csv using t-test. (test function)

- OUTPUT:
[
    {
        "function_name": "create",
        "arguments": ["test_result.csv", 2, "columns"]
    },
    {
        "function_name": "test",
        "arguments": ["data.csv", "age", "t-test", "columns"]
    },
]
'''

Example 2:
'''
- INPUT:
Step-by-step plan:
1. Move the column "age" from Heart Disease Prediction dataset.csv to New.csv. (move function)
2. Move the column "sex" from Heart Disease Prediction dataset.csv to New.csv. (move function)

- OUTPUT:
[
    {
        "function_name": "move",
        "arguments": ["Heart Disease Prediction dataset.csv", "age", "New.csv", 0, "columns"]
    },
    {
        "function_name": "move",
        "arguments": ["Heart Disease Prediction dataset.csv", "sex", "New.csv", 1, "columns"]
    },
]
'''
---------------------------------------------------


---------------------------------------------------
** user **:
Step-by-step plan:
1. Create a new column "Temp" in NetIncome.xlsx-Sheet1_v0 after the "Total Expenses" column. (insert function)
2. Copy the values from the "Revenue" column to the "Temp" column. (copy function)
3. Delete the "Revenue" column. (drop function)
4. Rename the "Total Expenses" column to "Revenue". (assign function)
5. Rename the "Temp" column to "Total Expenses". (assign function)
---------------------------------------------------


---------------------------------------------------
** assistant **:
[
    {
        "function_name": "insert",
        "arguments": ["NetIncome.xlsx-Sheet1_v0", "Total Expenses", 1]
    },
    {
        "function_name": "copy",
        "arguments": ["NetIncome.xlsx-Sheet1_v0", "Revenue", "NetIncome.xlsx-Sheet1_v0", "Temp", 1]
    },
    {
        "function_name": "drop",
        "arguments": ["NetIncome.xlsx-Sheet1_v0", "Revenue", 1]
    },
    {
        "function_name": "assign",
        "arguments": ["NetIncome.xlsx-Sheet1_v0", "Total Expenses", "Revenue", 1]
    },
    {
        "function_name": "assign",
        "arguments": ["NetIncome.xlsx-Sheet1_v0", "Temp", "Total Expenses", 1]
    }
]
---------------------------------------------------


